2019-06-22 22:19:47 认证方式  有线认证
2019-06-22 22:19:47 认证网卡  enp114s0
2019-06-22 22:19:47 用户名  13067406151
2019-06-22 22:20:24 退出客户端成功
2019-06-22 22:20:33 认证方式  有线认证
2019-06-22 22:20:33 认证网卡  enp114s0
2019-06-22 22:20:33 用户名  13067406151
2019-06-22 22:21:06 退出客户端成功
2019-06-22 22:21:46 认证方式  有线认证
2019-06-22 22:21:46 认证网卡  enp114s0
2019-06-22 22:21:46 用户名  13067406151
2019-06-22 22:21:58 退出客户端成功
2019-06-22 22:22:41 认证方式  有线认证
2019-06-22 22:22:41 认证网卡  enp114s0
2019-06-22 22:22:41 用户名  13067406151
2019-06-22 22:22:42 寻找认证服务器...
2019-06-22 22:22:42 连接认证服务器...
2019-06-22 22:22:42 正在进行认证...
2019-06-22 22:22:47 寻找认证服务器...
2019-06-22 22:22:47 连接认证服务器...
2019-06-22 22:22:47 正在进行认证...
2019-06-22 22:22:47 认证成功
2019-06-22 22:22:47 管理中心提示： 认证成功
2019-06-22 22:22:49 管理中心提示： 【中国联通秋季校园团队长招聘】招聘岗位:学生团队长，工作内容:带领团队配合联通公司完成秋季校园卡宣传销售，岗位要求:1、活波开朗，有热情2、学生干部优先3、能吃苦，敢于挑战4、欢迎创业团队的加入，联系电话：18606013012雷经理（微信同号）

网络报修电话:38201299,38201295   QQ:1632675486 (QQ空间客户端下载与说明)
网上报修 http://59.77.132.125  (锐捷客户端下载)
2019-06-22 22:23:30 退出客户端成功
2019-06-22 22:25:38 认证方式  有线认证
2019-06-22 22:25:38 认证网卡  enp114s0
2019-06-22 22:25:38 用户名  13067406151
2019-06-22 22:25:38 寻找认证服务器...
2019-06-22 22:25:38 连接认证服务器...
2019-06-22 22:25:38 正在进行认证...
2019-06-22 22:25:42 寻找认证服务器...
2019-06-22 22:25:42 连接认证服务器...
2019-06-22 22:25:42 正在进行认证...
2019-06-22 22:25:42 认证成功
2019-06-22 22:25:42 管理中心提示： 认证成功
2019-06-22 22:25:44 管理中心提示： 【中国联通秋季校园团队长招聘】招聘岗位:学生团队长，工作内容:带领团队配合联通公司完成秋季校园卡宣传销售，岗位要求:1、活波开朗，有热情2、学生干部优先3、能吃苦，敢于挑战4、欢迎创业团队的加入，联系电话：18606013012雷经理（微信同号）

网络报修电话:38201299,38201295   QQ:1632675486 (QQ空间客户端下载与说明)
网上报修 http://59.77.132.125  (锐捷客户端下载)
2019-06-22 22:26:01 退出客户端成功
2019-06-22 22:26:05 退出客户端成功
2019-06-22 22:26:29 退出客户端成功
2019-06-22 22:27:01 认证方式  有线认证
2019-06-22 22:27:01 认证网卡  enp114s0
2019-06-22 22:27:01 用户名  13067406151
2019-06-22 22:27:01 寻找认证服务器...
2019-06-22 22:27:01 连接认证服务器...
2019-06-22 22:27:01 正在进行认证...
2019-06-22 22:27:04 寻找认证服务器...
2019-06-22 22:27:04 连接认证服务器...
2019-06-22 22:27:04 正在进行认证...
2019-06-22 22:27:04 认证成功
2019-06-22 22:27:04 管理中心提示： 认证成功
2019-06-22 22:27:06 管理中心提示： 【中国联通秋季校园团队长招聘】招聘岗位:学生团队长，工作内容:带领团队配合联通公司完成秋季校园卡宣传销售，岗位要求:1、活波开朗，有热情2、学生干部优先3、能吃苦，敢于挑战4、欢迎创业团队的加入，联系电话：18606013012雷经理（微信同号）

网络报修电话:38201299,38201295   QQ:1632675486 (QQ空间客户端下载与说明)
网上报修 http://59.77.132.125  (锐捷客户端下载)
2019-06-22 22:28:04 寻找认证服务器...
2019-06-22 22:28:04 连接认证服务器...
2019-06-22 22:28:04 正在进行认证...
2019-06-22 22:28:07 寻找认证服务器...
2019-06-22 22:28:07 连接认证服务器...
2019-06-22 22:28:07 正在进行认证...
2019-06-22 22:28:07 认证成功
2019-06-22 22:28:07 管理中心提示： 认证成功
2019-06-22 22:29:37 客户端提示： 无法与服务器通信

2019-06-22 22:29:37 无法与服务器通信
2019-06-22 22:29:37 退出客户端成功
2019-06-22 22:30:34 认证方式  有线认证
2019-06-22 22:30:34 认证网卡  enp114s0
2019-06-22 22:30:34 用户名  13067406151
2019-06-22 22:30:35 寻找认证服务器...
2019-06-22 22:30:35 连接认证服务器...
2019-06-22 22:30:35 正在进行认证...
2019-06-22 22:30:38 寻找认证服务器...
2019-06-22 22:30:38 连接认证服务器...
2019-06-22 22:30:38 正在进行认证...
2019-06-22 22:30:38 认证成功
2019-06-22 22:30:38 管理中心提示： 认证成功
2019-06-22 22:30:40 管理中心提示： 【中国联通秋季校园团队长招聘】招聘岗位:学生团队长，工作内容:带领团队配合联通公司完成秋季校园卡宣传销售，岗位要求:1、活波开朗，有热情2、学生干部优先3、能吃苦，敢于挑战4、欢迎创业团队的加入，联系电话：18606013012雷经理（微信同号）

网络报修电话:38201299,38201295   QQ:1632675486 (QQ空间客户端下载与说明)
网上报修 http://59.77.132.125  (锐捷客户端下载)
2019-06-22 22:36:38 客户端提示： 检测到您安装了多块网卡，请将非认证网卡禁用后进行认证

2019-06-22 22:36:38 检测到您安装了多块网卡，请将非认证网卡禁用后进行认证
2019-06-22 22:36:38 退出客户端成功
2019-06-22 22:37:50 认证方式  有线认证
2019-06-22 22:37:50 认证网卡  enp114s0
2019-06-22 22:37:50 用户名  13067406151
2019-06-22 22:37:50 寻找认证服务器...
2019-06-22 22:37:51 连接认证服务器...
2019-06-22 22:37:51 正在进行认证...
2019-06-22 22:37:54 寻找认证服务器...
2019-06-22 22:37:54 连接认证服务器...
2019-06-22 22:37:54 正在进行认证...
2019-06-22 22:37:54 认证成功
2019-06-22 22:37:54 管理中心提示： 认证成功
2019-06-22 22:37:56 管理中心提示： 【中国联通秋季校园团队长招聘】招聘岗位:学生团队长，工作内容:带领团队配合联通公司完成秋季校园卡宣传销售，岗位要求:1、活波开朗，有热情2、学生干部优先3、能吃苦，敢于挑战4、欢迎创业团队的加入，联系电话：18606013012雷经理（微信同号）

网络报修电话:38201299,38201295   QQ:1632675486 (QQ空间客户端下载与说明)
网上报修 http://59.77.132.125  (锐捷客户端下载)
2019-06-22 22:42:54 客户端提示： 检测到您安装了多块网卡，请将非认证网卡禁用后进行认证

2019-06-22 22:42:54 检测到您安装了多块网卡，请将非认证网卡禁用后进行认证
2019-06-22 22:42:54 退出客户端成功
2019-06-22 22:44:55 认证方式  有线认证
2019-06-22 22:44:55 认证网卡  enp114s0
2019-06-22 22:44:55 用户名  13067406151
2019-06-22 22:44:55 寻找认证服务器...
2019-06-22 22:44:56 连接认证服务器...
2019-06-22 22:44:56 正在进行认证...
2019-06-22 22:44:59 寻找认证服务器...
2019-06-22 22:44:59 连接认证服务器...
2019-06-22 22:44:59 正在进行认证...
2019-06-22 22:44:59 认证成功
2019-06-22 22:44:59 管理中心提示： 认证成功
2019-06-22 22:45:01 管理中心提示： 【中国联通秋季校园团队长招聘】招聘岗位:学生团队长，工作内容:带领团队配合联通公司完成秋季校园卡宣传销售，岗位要求:1、活波开朗，有热情2、学生干部优先3、能吃苦，敢于挑战4、欢迎创业团队的加入，联系电话：18606013012雷经理（微信同号）

网络报修电话:38201299,38201295   QQ:1632675486 (QQ空间客户端下载与说明)
网上报修 http://59.77.132.125  (锐捷客户端下载)
2019-06-22 23:02:59 客户端提示： 检测到您安装了多块网卡，请将非认证网卡禁用后进行认证

2019-06-22 23:02:59 检测到您安装了多块网卡，请将非认证网卡禁用后进行认证
2019-06-22 23:02:59 退出客户端成功
2019-06-22 23:03:43 认证方式  有线认证
2019-06-22 23:03:43 认证网卡  enp114s0
2019-06-22 23:03:43 用户名  13067406151
2019-06-22 23:03:43 寻找认证服务器...
2019-06-22 23:03:43 连接认证服务器...
2019-06-22 23:03:43 正在进行认证...
2019-06-22 23:03:46 寻找认证服务器...
2019-06-22 23:03:46 连接认证服务器...
2019-06-22 23:03:47 正在进行认证...
2019-06-22 23:03:47 认证成功
2019-06-22 23:03:47 管理中心提示： 认证成功
2019-06-22 23:03:49 管理中心提示： 【中国联通秋季校园团队长招聘】招聘岗位:学生团队长，工作内容:带领团队配合联通公司完成秋季校园卡宣传销售，岗位要求:1、活波开朗，有热情2、学生干部优先3、能吃苦，敢于挑战4、欢迎创业团队的加入，联系电话：18606013012雷经理（微信同号）

网络报修电话:38201299,38201295   QQ:1632675486 (QQ空间客户端下载与说明)
网上报修 http://59.77.132.125  (锐捷客户端下载)
2019-06-22 23:04:47 客户端提示： 检测到您安装了多块网卡，请将非认证网卡禁用后进行认证

2019-06-22 23:04:47 检测到您安装了多块网卡，请将非认证网卡禁用后进行认证
2019-06-22 23:04:47 退出客户端成功
2019-06-22 23:06:03 认证方式  有线认证
2019-06-22 23:06:03 认证网卡  enp114s0
2019-06-22 23:06:03 用户名  13067406151
2019-06-22 23:06:04 寻找认证服务器...
2019-06-22 23:06:04 连接认证服务器...
2019-06-22 23:06:04 正在进行认证...
2019-06-22 23:06:07 寻找认证服务器...
2019-06-22 23:06:07 连接认证服务器...
2019-06-22 23:06:07 正在进行认证...
2019-06-22 23:06:07 认证成功
2019-06-22 23:06:07 管理中心提示： 认证成功
2019-06-22 23:06:09 管理中心提示： 【中国联通秋季校园团队长招聘】招聘岗位:学生团队长，工作内容:带领团队配合联通公司完成秋季校园卡宣传销售，岗位要求:1、活波开朗，有热情2、学生干部优先3、能吃苦，敢于挑战4、欢迎创业团队的加入，联系电话：18606013012雷经理（微信同号）

网络报修电话:38201299,38201295   QQ:1632675486 (QQ空间客户端下载与说明)
网上报修 http://59.77.132.125  (锐捷客户端下载)
2019-06-24 01:37:31 认证方式  有线认证
2019-06-24 01:37:31 认证网卡  enp114s0
2019-06-24 01:37:31 用户名  13067406151
2019-06-24 01:37:32 寻找认证服务器...
2019-06-24 01:37:32 连接认证服务器...
2019-06-24 01:37:32 正在进行认证...
2019-06-24 01:37:37 寻找认证服务器...
2019-06-24 01:37:37 连接认证服务器...
2019-06-24 01:37:37 正在进行认证...
2019-06-24 01:37:37 认证成功
2019-06-24 01:37:37 管理中心提示： 认证成功
2019-06-24 01:37:39 管理中心提示： 【中国联通秋季校园团队长招聘】招聘岗位:学生团队长，工作内容:带领团队配合联通公司完成秋季校园卡宣传销售，岗位要求:1、活波开朗，有热情2、学生干部优先3、能吃苦，敢于挑战4、欢迎创业团队的加入，联系电话：18606013012雷经理（微信同号）

网络报修电话:38201299,38201295   QQ:1632675486 (QQ空间客户端下载与说明)
网上报修 http://59.77.132.125  (锐捷客户端下载)
2019-06-23 09:40:47 退出客户端成功
2019-06-23 10:16:26 认证方式  有线认证
2019-06-23 10:16:26 认证网卡  enp114s0
2019-06-23 10:16:26 用户名  13067406151
2019-06-23 10:16:26 寻找认证服务器...
2019-06-23 10:16:27 连接认证服务器...
2019-06-23 10:16:27 正在进行认证...
2019-06-23 10:16:46 寻找认证服务器...
2019-06-23 10:16:46 连接认证服务器...
2019-06-23 10:16:46 正在进行认证...
2019-06-23 10:16:46 认证成功
2019-06-23 10:16:46 管理中心提示： 认证成功
2019-06-23 10:16:48 管理中心提示： 【中国联通秋季校园团队长招聘】招聘岗位:学生团队长，工作内容:带领团队配合联通公司完成秋季校园卡宣传销售，岗位要求:1、活波开朗，有热情2、学生干部优先3、能吃苦，敢于挑战4、欢迎创业团队的加入，联系电话：18606013012雷经理（微信同号）

网络报修电话:38201299,38201295   QQ:1632675486 (QQ空间客户端下载与说明)
网上报修 http://59.77.132.125  (锐捷客户端下载)
2019-06-23 10:19:30 退出客户端成功
2019-06-24 06:02:13 认证方式  有线认证
2019-06-24 06:02:13 认证网卡  enp114s0
2019-06-24 06:02:13 用户名  13067406151
2019-06-24 06:02:14 寻找认证服务器...
2019-06-24 06:02:14 连接认证服务器...
2019-06-24 06:02:14 正在进行认证...
2019-06-24 06:02:17 寻找认证服务器...
2019-06-24 06:02:17 连接认证服务器...
2019-06-24 06:02:17 正在进行认证...
2019-06-24 06:02:17 认证成功
2019-06-24 06:02:17 管理中心提示： 认证成功
2019-06-24 06:02:19 管理中心提示： 【中国联通秋季校园团队长招聘】招聘岗位:学生团队长，工作内容:带领团队配合联通公司完成秋季校园卡宣传销售，岗位要求:1、活波开朗，有热情2、学生干部优先3、能吃苦，敢于挑战4、欢迎创业团队的加入，联系电话：18606013012雷经理（微信同号）

网络报修电话:38201299,38201295   QQ:1632675486 (QQ空间客户端下载与说明)
网上报修 http://59.77.132.125  (锐捷客户端下载)
2019-06-26 04:35:25 认证方式  有线认证
2019-06-26 04:35:25 认证网卡  enp114s0
2019-06-26 04:35:25 用户名  13067406151
2019-06-26 04:35:26 寻找认证服务器...
2019-06-26 04:35:26 连接认证服务器...
2019-06-26 04:35:26 正在进行认证...
2019-06-26 04:35:31 寻找认证服务器...
2019-06-26 04:35:31 连接认证服务器...
2019-06-26 04:35:31 正在进行认证...
2019-06-26 04:35:31 认证失败
您使用的IP地址已经被占用!
2019-06-26 04:35:39 认证方式  有线认证
2019-06-26 04:35:39 认证网卡  enp114s0
2019-06-26 04:35:39 用户名  13067406151
2019-06-26 04:35:39 寻找认证服务器...
2019-06-26 04:35:39 连接认证服务器...
2019-06-26 04:35:39 正在进行认证...
2019-06-26 04:35:42 寻找认证服务器...
2019-06-26 04:35:42 连接认证服务器...
2019-06-26 04:35:42 正在进行认证...
2019-06-26 04:35:42 认证失败
您使用的IP地址已经被占用!
2019-06-26 04:36:41 认证方式  有线认证
2019-06-26 04:36:41 认证网卡  enp114s0
2019-06-26 04:36:41 用户名  13067406151
2019-06-26 04:36:41 寻找认证服务器...
2019-06-26 04:36:41 连接认证服务器...
2019-06-26 04:36:41 正在进行认证...
2019-06-26 04:36:44 寻找认证服务器...
2019-06-26 04:36:44 连接认证服务器...
2019-06-26 04:36:44 正在进行认证...
2019-06-26 04:36:44 认证失败
您使用的IP地址已经被占用!
2019-06-26 04:39:31 认证方式  有线认证
2019-06-26 04:39:31 认证网卡  enp114s0
2019-06-26 04:39:31 用户名  13067406151
2019-06-26 04:39:32 寻找认证服务器...
2019-06-26 04:39:32 连接认证服务器...
2019-06-26 04:39:33 正在进行认证...
2019-06-26 04:39:36 寻找认证服务器...
2019-06-26 04:39:36 连接认证服务器...
2019-06-26 04:39:36 正在进行认证...
2019-06-26 04:39:36 认证失败
您使用的IP地址已经被占用!
2019-06-26 04:40:26 认证方式  有线认证
2019-06-26 04:40:26 认证网卡  enp114s0
2019-06-26 04:40:26 用户名  13067406151
2019-06-26 04:40:27 寻找认证服务器...
2019-06-26 04:40:27 连接认证服务器...
2019-06-26 04:40:27 正在进行认证...
2019-06-26 04:40:27 认证失败
您认证的IP类型和允许使用的IP类型不一致, 请您修改为动态IP地址后再次进行认证!
2019-06-26 04:40:43 认证方式  有线认证
2019-06-26 04:40:43 认证网卡  enp114s0
2019-06-26 04:40:43 用户名  13067406151
2019-06-26 04:40:43 寻找认证服务器...
2019-06-26 04:40:43 连接认证服务器...
2019-06-26 04:40:43 正在进行认证...
2019-06-25 20:40:46 寻找认证服务器...
2019-06-25 20:40:46 连接认证服务器...
2019-06-25 20:40:46 正在进行认证...
2019-06-25 20:40:46 认证失败
您使用的IP地址已经被占用!
2019-06-25 20:42:01 认证方式  有线认证
2019-06-25 20:42:01 认证网卡  enp114s0
2019-06-25 20:42:01 用户名  13067406151
2019-06-25 20:42:02 寻找认证服务器...
2019-06-25 20:42:02 连接认证服务器...
2019-06-25 20:42:02 正在进行认证...
2019-06-25 20:42:05 寻找认证服务器...
2019-06-25 20:42:05 连接认证服务器...
2019-06-25 20:42:05 正在进行认证...
2019-06-25 20:42:05 认证失败
您使用的IP地址已经被占用!
2019-06-25 20:45:02 认证方式  有线认证
2019-06-25 20:45:02 认证网卡  enp114s0
2019-06-25 20:45:02 用户名  13067406151
2019-06-25 20:45:02 寻找认证服务器...
2019-06-25 20:45:02 连接认证服务器...
2019-06-25 20:45:02 正在进行认证...
2019-06-25 20:45:05 寻找认证服务器...
2019-06-25 20:45:05 连接认证服务器...
2019-06-25 20:45:05 正在进行认证...
2019-06-25 20:45:05 认证失败
您使用的IP地址已经被占用!
2019-06-25 20:50:42 认证方式  有线认证
2019-06-25 20:50:42 认证网卡  enp114s0
2019-06-25 20:50:42 用户名  13067406151
2019-06-25 20:50:42 寻找认证服务器...
2019-06-25 20:50:42 连接认证服务器...
2019-06-25 20:50:42 正在进行认证...
2019-06-25 20:50:45 寻找认证服务器...
2019-06-25 20:50:45 连接认证服务器...
2019-06-25 20:50:45 正在进行认证...
2019-06-25 20:50:45 认证失败
您使用的IP地址已经被占用!
2019-06-25 20:54:24 认证方式  有线认证
2019-06-25 20:54:24 认证网卡  enp114s0
2019-06-25 20:54:24 用户名  13067406151
2019-06-25 20:54:25 寻找认证服务器...
2019-06-25 20:54:25 连接认证服务器...
2019-06-25 20:54:25 正在进行认证...
2019-06-25 20:54:28 寻找认证服务器...
2019-06-25 20:54:28 连接认证服务器...
2019-06-25 20:54:28 正在进行认证...
2019-06-25 20:54:28 认证失败
您使用的IP地址已经被占用!
2019-06-25 20:57:29 认证方式  有线认证
2019-06-25 20:57:29 认证网卡  enp114s0
2019-06-25 20:57:29 用户名  13067406151
2019-06-25 20:57:29 寻找认证服务器...
2019-06-25 20:57:29 连接认证服务器...
2019-06-25 20:57:29 正在进行认证...
2019-06-25 20:57:32 寻找认证服务器...
2019-06-25 20:57:32 连接认证服务器...
2019-06-25 20:57:32 正在进行认证...
2019-06-25 20:57:32 认证失败
您使用的IP地址已经被占用!
2019-06-26 20:28:24 认证方式  有线认证
2019-06-26 20:28:24 认证网卡  enp114s0
2019-06-26 20:28:24 用户名  13067406151
2019-06-26 20:28:24 寻找认证服务器...
2019-06-26 20:28:24 连接认证服务器...
2019-06-26 20:28:24 正在进行认证...
2019-06-26 20:28:27 寻找认证服务器...
2019-06-26 20:28:27 连接认证服务器...
2019-06-26 20:28:27 正在进行认证...
2019-06-26 20:28:27 认证成功
2019-06-26 20:28:27 管理中心提示： 认证成功
2019-06-26 20:28:41 管理中心提示： 【中国联通秋季校园团队长招聘】招聘岗位:学生团队长，工作内容:带领团队配合联通公司完成秋季校园卡宣传销售，岗位要求:1、活波开朗，有热情2、学生干部优先3、能吃苦，敢于挑战4、欢迎创业团队的加入，联系电话：18606013012雷经理（微信同号）

网络报修电话:38201299,38201295   QQ:1632675486 (QQ空间客户端下载与说明)
网上报修 http://59.77.132.125  (锐捷客户端下载)
2019-06-26 20:35:10 认证方式  有线认证
2019-06-26 20:35:10 认证网卡  enp114s0
2019-06-26 20:35:10 用户名  13067406151
2019-06-26 20:35:11 寻找认证服务器...
2019-06-26 20:35:11 连接认证服务器...
2019-06-26 20:35:11 正在进行认证...
2019-06-26 20:35:14 寻找认证服务器...
2019-06-26 20:35:14 连接认证服务器...
2019-06-26 20:35:14 正在进行认证...
2019-06-26 20:35:14 认证成功
2019-06-26 20:35:14 管理中心提示： 认证成功
2019-06-26 20:35:16 管理中心提示： 【中国联通秋季校园团队长招聘】招聘岗位:学生团队长，工作内容:带领团队配合联通公司完成秋季校园卡宣传销售，岗位要求:1、活波开朗，有热情2、学生干部优先3、能吃苦，敢于挑战4、欢迎创业团队的加入，联系电话：18606013012雷经理（微信同号）

网络报修电话:38201299,38201295   QQ:1632675486 (QQ空间客户端下载与说明)
网上报修 http://59.77.132.125  (锐捷客户端下载)
2019-06-26 20:45:51 认证方式  有线认证
2019-06-26 20:45:51 认证网卡  enp114s0
2019-06-26 20:45:51 用户名  13067406151
2019-06-26 20:45:51 寻找认证服务器...
2019-06-26 20:45:51 连接认证服务器...
2019-06-26 20:45:51 正在进行认证...
2019-06-26 20:45:55 寻找认证服务器...
2019-06-26 20:45:55 连接认证服务器...
2019-06-26 20:45:55 正在进行认证...
2019-06-26 20:45:55 认证成功
2019-06-26 20:45:55 管理中心提示： 认证成功
2019-06-26 20:45:57 管理中心提示： 【中国联通秋季校园团队长招聘】招聘岗位:学生团队长，工作内容:带领团队配合联通公司完成秋季校园卡宣传销售，岗位要求:1、活波开朗，有热情2、学生干部优先3、能吃苦，敢于挑战4、欢迎创业团队的加入，联系电话：18606013012雷经理（微信同号）

网络报修电话:38201299,38201295   QQ:1632675486 (QQ空间客户端下载与说明)
网上报修 http://59.77.132.125  (锐捷客户端下载)
2019-06-26 20:52:00 退出客户端成功
2019-06-26 20:55:14 认证方式  有线认证
2019-06-26 20:55:14 认证网卡  enp114s0
2019-06-26 20:55:14 用户名  13067406151
2019-06-26 20:55:15 寻找认证服务器...
2019-06-26 20:55:15 连接认证服务器...
2019-06-26 20:55:15 正在进行认证...
2019-06-26 20:55:18 寻找认证服务器...
2019-06-26 20:55:20 连接认证服务器...
2019-06-26 20:55:20 正在进行认证...
2019-06-26 20:55:20 认证成功
2019-06-26 20:55:20 管理中心提示： 认证成功
2019-06-26 20:55:21 管理中心提示： 【中国联通秋季校园团队长招聘】招聘岗位:学生团队长，工作内容:带领团队配合联通公司完成秋季校园卡宣传销售，岗位要求:1、活波开朗，有热情2、学生干部优先3、能吃苦，敢于挑战4、欢迎创业团队的加入，联系电话：18606013012雷经理（微信同号）

网络报修电话:38201299,38201295   QQ:1632675486 (QQ空间客户端下载与说明)
网上报修 http://59.77.132.125  (锐捷客户端下载)
2019-06-26 23:35:06 认证方式  有线认证
2019-06-26 23:35:06 认证网卡  enp114s0
2019-06-26 23:35:06 用户名  13067406151
2019-06-26 23:35:06 寻找认证服务器...
2019-06-26 23:35:06 连接认证服务器...
2019-06-26 23:35:06 正在进行认证...
2019-06-26 23:35:09 寻找认证服务器...
2019-06-26 23:35:09 连接认证服务器...
2019-06-26 23:35:09 正在进行认证...
2019-06-26 23:35:09 认证成功
2019-06-26 23:35:09 管理中心提示： 认证成功
2019-06-26 23:35:11 管理中心提示： 【中国联通秋季校园团队长招聘】招聘岗位:学生团队长，工作内容:带领团队配合联通公司完成秋季校园卡宣传销售，岗位要求:1、活波开朗，有热情2、学生干部优先3、能吃苦，敢于挑战4、欢迎创业团队的加入，联系电话：18606013012雷经理（微信同号）

网络报修电话:38201299,38201295   QQ:1632675486 (QQ空间客户端下载与说明)
网上报修 http://59.77.132.125  (锐捷客户端下载)
2019-06-26 23:53:53 2019-06-26 23:53:53 网线没有连接上，请检查网卡连接
2019-06-30 00:16:09 认证方式  有线认证
2019-06-30 00:16:09 认证网卡  enp114s0
2019-06-30 00:16:09 用户名  13067406151
2019-06-30 00:16:09 寻找认证服务器...
2019-06-30 00:16:09 连接认证服务器...
2019-06-30 00:16:09 正在进行认证...
2019-06-30 00:16:14 寻找认证服务器...
2019-06-30 00:16:14 连接认证服务器...
2019-06-30 00:16:14 正在进行认证...
2019-06-30 00:16:14 认证成功
2019-06-30 00:16:14 管理中心提示： 认证成功
2019-06-30 00:16:16 管理中心提示： 【中国联通秋季校园团队长招聘】招聘岗位:学生团队长，工作内容:带领团队配合联通公司完成秋季校园卡宣传销售，岗位要求:1、活波开朗，有热情2、学生干部优先3、能吃苦，敢于挑战4、欢迎创业团队的加入，联系电话：18606013012雷经理（微信同号）

网络报修电话:38201299,38201295   QQ:1632675486 (QQ空间客户端下载与说明)
网上报修 http://59.77.132.125  (锐捷客户端下载)
2019-06-30 18:55:54 认证方式  有线认证
2019-06-30 18:55:54 认证网卡  enp114s0
2019-06-30 18:55:54 用户名  13067406151
2019-06-30 18:55:55 寻找认证服务器...
2019-06-30 18:55:55 连接认证服务器...
2019-06-30 18:55:55 正在进行认证...
2019-06-30 18:55:58 寻找认证服务器...
2019-06-30 18:55:58 连接认证服务器...
2019-06-30 18:55:58 正在进行认证...
2019-06-30 18:55:58 认证成功
2019-06-30 18:55:58 管理中心提示： 认证成功
2019-06-30 18:56:00 管理中心提示： 【中国联通秋季校园团队长招聘】招聘岗位:学生团队长，工作内容:带领团队配合联通公司完成秋季校园卡宣传销售，岗位要求:1、活波开朗，有热情2、学生干部优先3、能吃苦，敢于挑战4、欢迎创业团队的加入，联系电话：18606013012雷经理（微信同号）

网络报修电话:38201299,38201295   QQ:1632675486 (QQ空间客户端下载与说明)
网上报修 http://59.77.132.125  (锐捷客户端下载)
2019-08-16 01:26:21 认证方式  有线认证
2019-08-16 01:26:21 认证网卡  enp114s0
2019-08-16 01:26:21 用户名  13067406151
2019-08-16 01:26:21 寻找认证服务器...
2019-08-16 01:26:21 连接认证服务器...
2019-08-16 01:26:21 正在进行认证...
2019-08-16 01:26:24 寻找认证服务器...
2019-08-16 01:26:24 连接认证服务器...
2019-08-16 01:26:24 正在进行认证...
2019-08-16 01:26:24 认证成功
2019-08-16 01:26:24 管理中心提示： 认证成功
2019-08-16 01:26:26 管理中心提示： 通知：7月18日至25日校网路中心设备除尘，除尘期间会短暂影响生活区网络连接，请各用户稍安勿躁。


@-@署假期间 网络报修电话:22866556  QQ:1632675486 (QQ空间客户端下载与说明)
             网上报修 http://59.77.132.125  (锐捷客户端下载)

【中国联通秋季校园团队长招聘】招聘岗位:学生团队长，工作内容:带领团队配合联通公司完成秋季校园卡宣传销售，岗位要求:1、活波开朗，有热情2、学生干部优先3、能吃苦，敢于挑战4、欢迎创业团队的加入，联系电话：18606013012雷经理（微信同号）
2019-08-15 20:53:39 退出客户端成功
2019-08-17 01:40:33 认证方式  有线认证
2019-08-17 01:40:33 认证网卡  enp114s0
2019-08-17 01:40:33 用户名  13067406151
2019-08-17 01:40:33 寻找认证服务器...
2019-08-17 01:40:33 连接认证服务器...
2019-08-17 01:40:33 正在进行认证...
2019-08-17 01:40:36 寻找认证服务器...
2019-08-17 01:40:36 连接认证服务器...
2019-08-17 01:40:36 正在进行认证...
2019-08-17 01:40:36 认证成功
2019-08-17 01:40:36 管理中心提示： 认证成功
2019-08-17 01:40:38 管理中心提示： @-@署假期间 网络报修电话:22866556  QQ:1632675486 (QQ空间客户端下载与说明)
             网上报修 http://59.77.132.125  (锐捷客户端下载)

【中国联通秋季校园团队长招聘】招聘岗位:学生团队长，工作内容:带领团队配合联通公司完成秋季校园卡宣传销售，岗位要求:1、活波开朗，有热情2、学生干部优先3、能吃苦，敢于挑战4、欢迎创业团队的加入，联系电话：18606013012雷经理（微信同号）
2019-08-16 21:19:25 退出客户端成功
2019-08-17 18:07:20 认证方式  有线认证
2019-08-17 18:07:20 认证网卡  enp114s0
2019-08-17 18:07:20 用户名  13067406151
2019-08-17 18:07:21 寻找认证服务器...
2019-08-17 18:07:21 连接认证服务器...
2019-08-17 18:07:21 正在进行认证...
2019-08-17 18:07:24 寻找认证服务器...
2019-08-17 18:07:24 连接认证服务器...
2019-08-17 18:07:24 正在进行认证...
2019-08-17 18:07:24 认证成功
2019-08-17 18:07:24 管理中心提示： 认证成功
2019-08-17 18:07:26 管理中心提示： @-@署假期间 网络报修电话:22866556  QQ:1632675486 (QQ空间客户端下载与说明)
             网上报修 http://59.77.132.125  (锐捷客户端下载)

【中国联通秋季校园团队长招聘】招聘岗位:学生团队长，工作内容:带领团队配合联通公司完成秋季校园卡宣传销售，岗位要求:1、活波开朗，有热情2、学生干部优先3、能吃苦，敢于挑战4、欢迎创业团队的加入，联系电话：18606013012雷经理（微信同号）
2019-08-17 12:11:58 退出客户端成功
2019-08-19 00:12:05 认证方式  有线认证
2019-08-19 00:12:05 认证网卡  enp114s0
2019-08-19 00:12:05 用户名  13067406151
2019-08-19 00:12:05 寻找认证服务器...
2019-08-19 00:12:05 连接认证服务器...
2019-08-19 00:12:05 正在进行认证...
2019-08-19 00:12:08 寻找认证服务器...
2019-08-19 00:12:08 连接认证服务器...
2019-08-19 00:12:08 正在进行认证...
2019-08-19 00:12:08 认证成功
2019-08-19 00:12:08 管理中心提示： 认证成功
2019-08-19 00:12:10 管理中心提示： @-@署假期间 网络报修电话:22866556  QQ:1632675486 (QQ空间客户端下载与说明)
             网上报修 http://59.77.132.125  (锐捷客户端下载)

【中国联通秋季校园团队长招聘】招聘岗位:学生团队长，工作内容:带领团队配合联通公司完成秋季校园卡宣传销售，岗位要求:1、活波开朗，有热情2、学生干部优先3、能吃苦，敢于挑战4、欢迎创业团队的加入，联系电话：18606013012雷经理（微信同号）
2019-08-18 18:45:21 退出客户端成功
2019-08-21 00:00:26 认证方式  有线认证
2019-08-21 00:00:26 认证网卡  enp114s0
2019-08-21 00:00:26 用户名  13067406151
2019-08-21 00:00:26 寻找认证服务器...
2019-08-21 00:00:26 连接认证服务器...
2019-08-21 00:00:26 正在进行认证...
2019-08-21 00:00:30 寻找认证服务器...
2019-08-21 00:00:30 连接认证服务器...
2019-08-21 00:00:30 正在进行认证...
2019-08-21 00:00:30 认证成功
2019-08-21 00:00:30 管理中心提示： 认证成功
2019-08-21 00:00:32 管理中心提示： @-@署假期间 网络报修电话:22866556  QQ:1632675486 (QQ空间客户端下载与说明)
             网上报修 http://59.77.132.125  (锐捷客户端下载)

【中国联通秋季校园团队长招聘】招聘岗位:学生团队长，工作内容:带领团队配合联通公司完成秋季校园卡宣传销售，岗位要求:1、活波开朗，有热情2、学生干部优先3、能吃苦，敢于挑战4、欢迎创业团队的加入，联系电话：18606013012雷经理（微信同号）
2019-08-20 18:48:34 退出客户端成功
2019-08-23 00:46:40 认证方式  有线认证
2019-08-23 00:46:40 认证网卡  enp114s0
2019-08-23 00:46:40 用户名  13067406151
2019-08-23 00:46:40 寻找认证服务器...
2019-08-23 00:46:40 连接认证服务器...
2019-08-23 00:46:40 正在进行认证...
2019-08-23 00:46:43 寻找认证服务器...
2019-08-23 00:46:43 连接认证服务器...
2019-08-23 00:46:43 正在进行认证...
2019-08-23 00:46:43 认证成功
2019-08-23 00:46:43 管理中心提示： 认证成功
2019-08-23 00:46:45 管理中心提示： @-@署假期间 网络报修电话:22866556  QQ:1632675486 (QQ空间客户端下载与说明)
             网上报修 http://59.77.132.125  (锐捷客户端下载)

【中国联通秋季校园团队长招聘】招聘岗位:学生团队长，工作内容:带领团队配合联通公司完成秋季校园卡宣传销售，岗位要求:1、活波开朗，有热情2、学生干部优先3、能吃苦，敢于挑战4、欢迎创业团队的加入，联系电话：18606013012雷经理（微信同号）
2019-08-22 18:30:04 退出客户端成功
2019-08-25 01:55:44 认证方式  有线认证
2019-08-25 01:55:44 认证网卡  enp114s0
2019-08-25 01:55:44 用户名  13067406151
2019-08-25 01:55:45 寻找认证服务器...
2019-08-25 01:55:45 连接认证服务器...
2019-08-25 01:55:45 正在进行认证...
2019-08-25 01:55:48 寻找认证服务器...
2019-08-25 01:55:48 连接认证服务器...
2019-08-25 01:55:48 正在进行认证...
2019-08-25 01:55:48 认证成功
2019-08-25 01:55:48 管理中心提示： 认证成功
2019-08-25 01:55:50 管理中心提示： @-@署假期间 网络报修电话:22866556  QQ:1632675486 (QQ空间客户端下载与说明)
             网上报修 http://59.77.132.125  (锐捷客户端下载)

【中国联通秋季校园团队长招聘】招聘岗位:学生团队长，工作内容:带领团队配合联通公司完成秋季校园卡宣传销售，岗位要求:1、活波开朗，有热情2、学生干部优先3、能吃苦，敢于挑战4、欢迎创业团队的加入，联系电话：18606013012雷经理（微信同号）
2019-08-24 18:43:48 客户端提示： 检测到您安装了多块网卡，请将非认证网卡禁用后进行认证

2019-08-24 18:43:48 检测到您安装了多块网卡，请将非认证网卡禁用后进行认证
2019-08-24 18:43:48 退出客户端成功
2019-08-24 18:45:51 认证方式  有线认证
2019-08-24 18:45:51 认证网卡  enp114s0
2019-08-24 18:45:51 用户名  13067406151
2019-08-24 18:46:02 寻找认证服务器...
2019-08-24 18:46:02 连接认证服务器...
2019-08-24 18:46:02 正在进行认证...
2019-08-24 18:46:05 寻找认证服务器...
2019-08-24 18:46:05 连接认证服务器...
2019-08-24 18:46:05 正在进行认证...
2019-08-24 18:46:05 认证成功
2019-08-24 18:46:05 管理中心提示： 认证成功
2019-08-24 18:46:07 管理中心提示： @-@署假期间 网络报修电话:22866556  QQ:1632675486 (QQ空间客户端下载与说明)
             网上报修 http://59.77.132.125  (锐捷客户端下载)

【中国联通秋季校园团队长招聘】招聘岗位:学生团队长，工作内容:带领团队配合联通公司完成秋季校园卡宣传销售，岗位要求:1、活波开朗，有热情2、学生干部优先3、能吃苦，敢于挑战4、欢迎创业团队的加入，联系电话：18606013012雷经理（微信同号）
2019-08-24 19:00:51 退出客户端成功
2019-08-24 19:58:59 认证方式  有线认证
2019-08-24 19:58:59 认证网卡  enp114s0
2019-08-24 19:58:59 用户名  13067406151
2019-08-24 19:58:59 寻找认证服务器...
2019-08-24 19:58:59 连接认证服务器...
2019-08-24 19:58:59 正在进行认证...
2019-08-24 19:59:02 寻找认证服务器...
2019-08-24 19:59:02 连接认证服务器...
2019-08-24 19:59:02 正在进行认证...
2019-08-24 19:59:02 认证成功
2019-08-24 19:59:02 管理中心提示： 认证成功
2019-08-24 19:59:04 管理中心提示： @-@署假期间 网络报修电话:22866556  QQ:1632675486 (QQ空间客户端下载与说明)
             网上报修 http://59.77.132.125  (锐捷客户端下载)

【中国联通秋季校园团队长招聘】招聘岗位:学生团队长，工作内容:带领团队配合联通公司完成秋季校园卡宣传销售，岗位要求:1、活波开朗，有热情2、学生干部优先3、能吃苦，敢于挑战4、欢迎创业团队的加入，联系电话：18606013012雷经理（微信同号）
2019-08-24 22:16:42 退出客户端成功
2019-08-29 19:03:29 认证方式  有线认证
2019-08-29 19:03:29 认证网卡  enp114s0
2019-08-29 19:03:29 用户名  13067406151
2019-08-29 19:03:30 寻找认证服务器...
2019-08-29 19:03:30 连接认证服务器...
2019-08-29 19:03:30 正在进行认证...
2019-08-29 19:03:33 寻找认证服务器...
2019-08-29 19:03:33 连接认证服务器...
2019-08-29 19:03:33 正在进行认证...
2019-08-29 19:03:33 认证成功
2019-08-29 19:03:33 管理中心提示： 认证成功
2019-08-29 19:03:35 管理中心提示： @-@署假期间 网络报修电话:22866556  QQ:1632675486 (QQ空间客户端下载与说明)
             网上报修 http://59.77.132.125  (锐捷客户端下载)

【中国联通秋季校园团队长招聘】招聘岗位:学生团队长，工作内容:带领团队配合联通公司完成秋季校园卡宣传销售，岗位要求:1、活波开朗，有热情2、学生干部优先3、能吃苦，敢于挑战4、欢迎创业团队的加入，联系电话：18606013012雷经理（微信同号）
2019-08-29 21:43:34 退出客户端成功
2019-11-15 02:06:42 认证方式  有线认证
2019-11-15 02:06:42 认证网卡  enp114s0
2019-11-15 02:06:42 用户名  13067406151
2019-11-15 02:06:42 寻找认证服务器...
2019-11-15 02:06:42 连接认证服务器...
2019-11-15 02:06:42 正在进行认证...
2019-11-15 02:06:42 认证失败
用户名不存在或者密码错误!
2019-11-15 02:07:03 认证方式  有线认证
2019-11-15 02:07:03 认证网卡  enp114s0
2019-11-15 02:07:03 用户名  13067406151
2019-11-15 02:07:03 寻找认证服务器...
2019-11-15 02:07:03 连接认证服务器...
2019-11-15 02:07:03 正在进行认证...
2019-11-15 02:07:06 寻找认证服务器...
2019-11-15 02:07:06 连接认证服务器...
2019-11-15 02:07:06 正在进行认证...
2019-11-15 02:07:06 认证成功
2019-11-15 02:07:06 管理中心提示： 认证成功
2019-11-15 02:07:08 管理中心提示： 网络报修电话:38201299,38201295,38201293  QQ:1632675486 (QQ空间客户端下载与说明)
             网上报修 http://59.77.132.125  (锐捷客户端下载)

【中国联通秋季校园团队长招聘】招聘岗位:学生团队长，工作内容:带领团队配合联通公司完成秋季校园卡宣传销售，岗位要求:1、活波开朗，有热情2、学生干部优先3、能吃苦，敢于挑战4、欢迎创业团队的加入，联系电话：18606013012雷经理（微信同号）
2019-11-26 21:51:39 认证方式  有线认证
2019-11-26 21:51:39 认证网卡  enp114s0
2019-11-26 21:51:39 用户名  13067406151
2019-11-26 21:51:39 寻找认证服务器...
2019-11-26 21:51:39 连接认证服务器...
2019-11-26 21:51:39 正在进行认证...
2019-11-26 21:51:39 认证失败
用户名不存在或者密码错误!
2019-11-26 21:51:45 认证方式  有线认证
2019-11-26 21:51:45 认证网卡  enp114s0
2019-11-26 21:51:45 用户名  13067406151
2019-11-26 21:51:45 寻找认证服务器...
2019-11-26 21:51:45 连接认证服务器...
2019-11-26 21:51:45 正在进行认证...
2019-11-26 21:51:49 寻找认证服务器...
2019-11-26 21:51:49 连接认证服务器...
2019-11-26 21:51:49 正在进行认证...
2019-11-26 21:51:49 认证成功
2019-11-26 21:51:49 管理中心提示： 认证成功
2019-11-26 13:51:50 管理中心提示： 网络报修电话:38201299,38201295,38201293  QQ:1632675486 (QQ空间客户端下载与说明)
             网上报修 http://59.77.132.125  (锐捷客户端下载)

【中国联通秋季校园团队长招聘】招聘岗位:学生团队长，工作内容:带领团队配合联通公司完成秋季校园卡宣传销售，岗位要求:1、活波开朗，有热情2、学生干部优先3、能吃苦，敢于挑战4、欢迎创业团队的加入，联系电话：18606013012雷经理（微信同号）
2019-12-14 23:17:31 认证方式  有线认证
2019-12-14 23:17:31 认证网卡  enp114s0
2019-12-14 23:17:31 用户名  13067406151
2019-12-14 23:17:32 寻找认证服务器...
2019-12-14 23:17:32 连接认证服务器...
2019-12-14 23:17:32 正在进行认证...
2019-12-14 23:17:35 寻找认证服务器...
2019-12-14 23:17:35 连接认证服务器...
2019-12-14 23:17:35 正在进行认证...
2019-12-14 23:17:35 认证成功
2019-12-14 23:17:35 管理中心提示： 认证成功
2019-12-14 23:17:37 管理中心提示： 福州大学 ACM-ICPC 集训队宣讲会强势来袭！宣讲时间：2019年12月20日19：00。宣讲地点：数计学院 7 号楼报告厅。详细咨询请加入官方交流群：703263652
 
网上报修 http://59.77.132.125  (锐捷客户端下载)

【中国联通秋季校园团队长招聘】招聘岗位:学生团队长，工作内容:带领团队配合联通公司完成秋季校园卡宣传销售，岗位要求:1、活波开朗，有热情2、学生干部优先3、能吃苦，敢于挑战4、欢迎创业团队的加入，联系电话：18606013012雷经理（微信同号）
2019-12-14 17:29:17 退出客户端成功
2019-12-16 19:04:25 认证方式  有线认证
2019-12-16 19:04:25 认证网卡  enp114s0
2019-12-16 19:04:25 用户名  13067406151
2019-12-16 19:04:25 寻找认证服务器...
2019-12-16 19:04:25 连接认证服务器...
2019-12-16 19:04:25 正在进行认证...
2019-12-16 19:04:29 寻找认证服务器...
2019-12-16 19:04:29 连接认证服务器...
2019-12-16 19:04:29 正在进行认证...
2019-12-16 19:04:29 认证成功
2019-12-16 19:04:29 管理中心提示： 认证成功
2019-12-16 19:04:31 管理中心提示： 福州大学 ACM-ICPC 集训队宣讲会强势来袭！宣讲时间：2019年12月20日19：00。宣讲地点：数计学院 7 号楼报告厅。详细咨询请加入官方交流群：703263652
 
网上报修 http://59.77.132.125  (锐捷客户端下载)

【中国联通秋季校园团队长招聘】招聘岗位:学生团队长，工作内容:带领团队配合联通公司完成秋季校园卡宣传销售，岗位要求:1、活波开朗，有热情2、学生干部优先3、能吃苦，敢于挑战4、欢迎创业团队的加入，联系电话：18606013012雷经理（微信同号）
2019-12-16 11:56:17 2019-12-16 11:56:17 网线没有连接上，请检查网卡连接
2019-12-16 11:56:18 客户端提示： 网卡连接正常，连接速度:100.0 Mbps
2019-12-16 11:56:18 寻找认证服务器...
2019-12-16 11:56:18 连接认证服务器...
2019-12-16 11:56:18 连接认证服务器...
2019-12-16 11:56:18 正在进行认证...
2019-12-16 11:56:21 寻找认证服务器...
2019-12-16 11:56:21 连接认证服务器...
2019-12-16 11:56:21 正在进行认证...
2019-12-16 11:56:21 认证成功
2019-12-16 11:56:21 管理中心提示： 认证成功
2019-12-16 11:57:51 客户端提示： 无法与服务器通信

2019-12-16 11:57:51 无法与服务器通信
2019-12-16 11:57:51 退出客户端成功
2019-12-16 15:56:36 认证方式  有线认证
2019-12-16 15:56:36 认证网卡  enp114s0
2019-12-16 15:56:36 用户名  13067406151
2019-12-16 15:56:37 寻找认证服务器...
2019-12-16 15:56:37 连接认证服务器...
2019-12-16 15:56:37 正在进行认证...
2019-12-16 15:56:40 寻找认证服务器...
2019-12-16 15:56:40 连接认证服务器...
2019-12-16 15:56:40 正在进行认证...
2019-12-16 15:56:40 认证成功
2019-12-16 15:56:40 管理中心提示： 认证成功
2019-12-16 15:56:42 管理中心提示： 福州大学 ACM-ICPC 集训队宣讲会强势来袭！宣讲时间：2019年12月20日19：00。宣讲地点：数计学院 7 号楼报告厅。详细咨询请加入官方交流群：703263652
 
网上报修 http://59.77.132.125  (锐捷客户端下载)

【中国联通秋季校园团队长招聘】招聘岗位:学生团队长，工作内容:带领团队配合联通公司完成秋季校园卡宣传销售，岗位要求:1、活波开朗，有热情2、学生干部优先3、能吃苦，敢于挑战4、欢迎创业团队的加入，联系电话：18606013012雷经理（微信同号）
2019-12-16 22:46:03 2019-12-16 22:46:03 网线没有连接上，请检查网卡连接
2019-12-16 22:46:05 连接认证服务器...
2019-12-16 22:46:05 正在进行认证...
2019-12-16 22:46:05 认证成功
2019-12-16 22:46:05 管理中心提示： 认证成功
2019-12-16 22:47:35 客户端提示： 无法与服务器通信

2019-12-16 22:47:35 无法与服务器通信
2019-12-16 22:47:35 退出客户端成功
2019-12-16 22:48:11 认证方式  有线认证
2019-12-16 22:48:11 认证网卡  enp114s0
2019-12-16 22:48:11 用户名  13067406151
2019-12-16 22:48:11 寻找认证服务器...
2019-12-16 22:48:11 连接认证服务器...
2019-12-16 22:48:11 正在进行认证...
2019-12-16 22:48:15 寻找认证服务器...
2019-12-16 22:48:15 连接认证服务器...
2019-12-16 22:48:15 正在进行认证...
2019-12-16 22:48:15 认证成功
2019-12-16 22:48:15 管理中心提示： 认证成功
2019-12-16 22:48:17 管理中心提示： 福州大学 ACM-ICPC 集训队宣讲会强势来袭！宣讲时间：2019年12月20日19：00。宣讲地点：数计学院 7 号楼报告厅。详细咨询请加入官方交流群：703263652
 
网上报修 http://59.77.132.125  (锐捷客户端下载)

【中国联通秋季校园团队长招聘】招聘岗位:学生团队长，工作内容:带领团队配合联通公司完成秋季校园卡宣传销售，岗位要求:1、活波开朗，有热情2、学生干部优先3、能吃苦，敢于挑战4、欢迎创业团队的加入，联系电话：18606013012雷经理（微信同号）
2019-12-17 09:03:04 2019-12-17 09:03:04 网线没有连接上，请检查网卡连接
2019-12-17 09:03:05 客户端提示： 网卡连接正常，连接速度:100.0 Mbps
2019-12-17 09:03:06 寻找认证服务器...
2019-12-17 09:03:06 连接认证服务器...
2019-12-17 09:03:06 连接认证服务器...
2019-12-17 09:03:06 正在进行认证...
2019-12-17 09:03:09 寻找认证服务器...
2019-12-17 09:03:09 连接认证服务器...
2019-12-17 09:03:09 正在进行认证...
2019-12-17 09:03:09 认证成功
2019-12-17 09:03:09 管理中心提示： 认证成功
2019-12-17 09:04:39 客户端提示： 无法与服务器通信

2019-12-17 09:04:39 无法与服务器通信
2019-12-17 09:04:39 退出客户端成功
2019-12-17 11:51:00 认证方式  有线认证
2019-12-17 11:51:00 认证网卡  enp114s0
2019-12-17 11:51:00 用户名  13067406151
2019-12-17 11:51:00 寻找认证服务器...
2019-12-17 11:51:00 连接认证服务器...
2019-12-17 11:51:00 正在进行认证...
2019-12-17 11:51:03 寻找认证服务器...
2019-12-17 11:51:03 连接认证服务器...
2019-12-17 11:51:03 正在进行认证...
2019-12-17 11:51:03 认证成功
2019-12-17 11:51:03 管理中心提示： 认证成功
2019-12-17 11:51:10 管理中心提示： 福州大学 ACM-ICPC 集训队宣讲会强势来袭！宣讲时间：2019年12月20日19：00。宣讲地点：数计学院 7 号楼报告厅。详细咨询请加入官方交流群：703263652
 
网上报修 http://59.77.132.125  (锐捷客户端下载)

【中国联通秋季校园团队长招聘】招聘岗位:学生团队长，工作内容:带领团队配合联通公司完成秋季校园卡宣传销售，岗位要求:1、活波开朗，有热情2、学生干部优先3、能吃苦，敢于挑战4、欢迎创业团队的加入，联系电话：18606013012雷经理（微信同号）
2019-12-17 15:29:49 退出客户端成功
2019-12-17 15:29:52 认证方式  有线认证
2019-12-17 15:29:52 认证网卡  enp114s0
2019-12-17 15:29:52 用户名  13067406151
2019-12-17 15:29:52 寻找认证服务器...
2019-12-17 15:29:52 连接认证服务器...
2019-12-17 15:29:52 正在进行认证...
2019-12-17 15:29:55 寻找认证服务器...
2019-12-17 15:29:55 连接认证服务器...
2019-12-17 15:29:55 正在进行认证...
2019-12-17 15:29:55 认证成功
2019-12-17 15:29:55 管理中心提示： 认证成功
2019-12-17 15:29:57 管理中心提示： 福州大学 ACM-ICPC 集训队宣讲会强势来袭！宣讲时间：2019年12月20日19：00。宣讲地点：数计学院 7 号楼报告厅。详细咨询请加入官方交流群：703263652
 
网上报修 http://59.77.132.125  (锐捷客户端下载)

【中国联通秋季校园团队长招聘】招聘岗位:学生团队长，工作内容:带领团队配合联通公司完成秋季校园卡宣传销售，岗位要求:1、活波开朗，有热情2、学生干部优先3、能吃苦，敢于挑战4、欢迎创业团队的加入，联系电话：18606013012雷经理（微信同号）
2019-12-17 21:26:19 退出客户端成功
2019-12-18 19:12:06 认证方式  有线认证
2019-12-18 19:12:06 认证网卡  enp114s0
2019-12-18 19:12:06 用户名  13067406151
2019-12-18 19:12:06 寻找认证服务器...
2019-12-18 19:12:06 连接认证服务器...
2019-12-18 19:12:06 正在进行认证...
2019-12-18 19:12:10 寻找认证服务器...
2019-12-18 19:12:10 连接认证服务器...
2019-12-18 19:12:10 正在进行认证...
2019-12-18 19:12:10 认证成功
2019-12-18 19:12:10 管理中心提示： 认证成功
2019-12-18 19:12:12 管理中心提示： 福州大学 ACM-ICPC 集训队宣讲会强势来袭！宣讲时间：2019年12月20日19：00。宣讲地点：数计学院 7 号楼报告厅。详细咨询请加入官方交流群：703263652
 
网上报修 http://59.77.132.125  (锐捷客户端下载)

【中国联通秋季校园团队长招聘】招聘岗位:学生团队长，工作内容:带领团队配合联通公司完成秋季校园卡宣传销售，岗位要求:1、活波开朗，有热情2、学生干部优先3、能吃苦，敢于挑战4、欢迎创业团队的加入，联系电话：18606013012雷经理（微信同号）
2019-12-18 14:52:24 退出客户端成功
2019-12-19 19:01:50 认证方式  有线认证
2019-12-19 19:01:50 认证网卡  enp114s0
2019-12-19 19:01:50 用户名  13067406151
2019-12-19 19:01:50 寻找认证服务器...
2019-12-19 19:01:50 连接认证服务器...
2019-12-19 19:01:50 正在进行认证...
2019-12-19 19:01:54 寻找认证服务器...
2019-12-19 19:01:54 连接认证服务器...
2019-12-19 19:01:54 正在进行认证...
2019-12-19 19:01:54 认证成功
2019-12-19 19:01:54 管理中心提示： 认证成功
2019-12-19 19:01:56 管理中心提示： 福州大学 ACM-ICPC 集训队宣讲会强势来袭！宣讲时间：2019年12月20日19：00。宣讲地点：数计学院 7 号楼报告厅。详细咨询请加入官方交流群：703263652
 
网上报修 http://59.77.132.125  (锐捷客户端下载)

【中国联通秋季校园团队长招聘】招聘岗位:学生团队长，工作内容:带领团队配合联通公司完成秋季校园卡宣传销售，岗位要求:1、活波开朗，有热情2、学生干部优先3、能吃苦，敢于挑战4、欢迎创业团队的加入，联系电话：18606013012雷经理（微信同号）
2019-12-19 19:06:34 2019-12-19 19:06:34 网线没有连接上，请检查网卡连接
2019-12-19 19:06:35 连接认证服务器...
2019-12-19 19:06:35 正在进行认证...
2019-12-19 19:06:35 认证成功
2019-12-19 19:06:35 管理中心提示： 认证成功
2019-12-19 19:08:05 客户端提示： 无法与服务器通信

2019-12-19 19:08:05 无法与服务器通信
2019-12-19 19:08:05 退出客户端成功
2019-12-19 19:25:18 认证方式  有线认证
2019-12-19 19:25:18 认证网卡  enp114s0
2019-12-19 19:25:18 用户名  13067406151
2019-12-19 19:25:18 寻找认证服务器...
2019-12-19 19:25:18 连接认证服务器...
2019-12-19 19:25:18 正在进行认证...
2019-12-19 19:25:21 寻找认证服务器...
2019-12-19 19:25:21 连接认证服务器...
2019-12-19 19:25:21 正在进行认证...
2019-12-19 19:25:21 认证成功
2019-12-19 19:25:21 管理中心提示： 认证成功
2019-12-19 19:25:23 管理中心提示： 福州大学 ACM-ICPC 集训队宣讲会强势来袭！宣讲时间：2019年12月20日19：00。宣讲地点：数计学院 7 号楼报告厅。详细咨询请加入官方交流群：703263652
 
网上报修 http://59.77.132.125  (锐捷客户端下载)

【中国联通秋季校园团队长招聘】招聘岗位:学生团队长，工作内容:带领团队配合联通公司完成秋季校园卡宣传销售，岗位要求:1、活波开朗，有热情2、学生干部优先3、能吃苦，敢于挑战4、欢迎创业团队的加入，联系电话：18606013012雷经理（微信同号）
2019-12-19 20:30:33 退出客户端成功
2019-12-19 20:30:39 认证方式  有线认证
2019-12-19 20:30:39 认证网卡  enp114s0
2019-12-19 20:30:39 用户名  13067406151
2019-12-19 20:30:39 寻找认证服务器...
2019-12-19 20:30:39 连接认证服务器...
2019-12-19 20:30:39 正在进行认证...
2019-12-19 20:30:42 寻找认证服务器...
2019-12-19 20:30:42 连接认证服务器...
2019-12-19 20:30:42 正在进行认证...
2019-12-19 20:30:42 认证成功
2019-12-19 20:30:42 管理中心提示： 认证成功
2019-12-19 20:30:44 管理中心提示： 福州大学 ACM-ICPC 集训队宣讲会强势来袭！宣讲时间：2019年12月20日19：00。宣讲地点：数计学院 7 号楼报告厅。详细咨询请加入官方交流群：703263652
 
网上报修 http://59.77.132.125  (锐捷客户端下载)

【中国联通秋季校园团队长招聘】招聘岗位:学生团队长，工作内容:带领团队配合联通公司完成秋季校园卡宣传销售，岗位要求:1、活波开朗，有热情2、学生干部优先3、能吃苦，敢于挑战4、欢迎创业团队的加入，联系电话：18606013012雷经理（微信同号）
2019-12-19 20:31:40 2019-12-19 20:31:40 网线没有连接上，请检查网卡连接
2019-12-19 20:31:42 连接认证服务器...
2019-12-19 20:31:42 正在进行认证...
2019-12-19 20:31:42 认证成功
2019-12-19 20:31:42 管理中心提示： 认证成功
2019-12-19 20:32:01 退出客户端成功
2019-12-19 20:32:02 认证方式  有线认证
2019-12-19 20:32:02 认证网卡  enp114s0
2019-12-19 20:32:02 用户名  13067406151
2019-12-19 20:32:02 寻找认证服务器...
2019-12-19 20:32:02 连接认证服务器...
2019-12-19 20:32:02 正在进行认证...
2019-12-19 20:32:05 寻找认证服务器...
2019-12-19 20:32:05 连接认证服务器...
2019-12-19 20:32:05 正在进行认证...
2019-12-19 20:32:05 认证成功
2019-12-19 20:32:05 管理中心提示： 认证成功
2019-12-19 20:32:07 管理中心提示： 福州大学 ACM-ICPC 集训队宣讲会强势来袭！宣讲时间：2019年12月20日19：00。宣讲地点：数计学院 7 号楼报告厅。详细咨询请加入官方交流群：703263652
 
网上报修 http://59.77.132.125  (锐捷客户端下载)

【中国联通秋季校园团队长招聘】招聘岗位:学生团队长，工作内容:带领团队配合联通公司完成秋季校园卡宣传销售，岗位要求:1、活波开朗，有热情2、学生干部优先3、能吃苦，敢于挑战4、欢迎创业团队的加入，联系电话：18606013012雷经理（微信同号）
2019-12-19 20:33:42 退出客户端成功
2019-12-19 20:34:40 认证方式  有线认证
2019-12-19 20:34:40 认证网卡  enp114s0
2019-12-19 20:34:40 用户名  13067406151
2019-12-19 20:34:41 寻找认证服务器...
2019-12-19 20:34:41 连接认证服务器...
2019-12-19 20:34:41 正在进行认证...
2019-12-19 20:34:43 寻找认证服务器...
2019-12-19 20:34:43 连接认证服务器...
2019-12-19 20:34:43 正在进行认证...
2019-12-19 20:34:43 认证成功
2019-12-19 20:34:43 管理中心提示： 认证成功
2019-12-19 20:34:45 管理中心提示： 福州大学 ACM-ICPC 集训队宣讲会强势来袭！宣讲时间：2019年12月20日19：00。宣讲地点：数计学院 7 号楼报告厅。详细咨询请加入官方交流群：703263652
 
网上报修 http://59.77.132.125  (锐捷客户端下载)

【中国联通秋季校园团队长招聘】招聘岗位:学生团队长，工作内容:带领团队配合联通公司完成秋季校园卡宣传销售，岗位要求:1、活波开朗，有热情2、学生干部优先3、能吃苦，敢于挑战4、欢迎创业团队的加入，联系电话：18606013012雷经理（微信同号）
2019-12-19 21:43:34 退出客户端成功
2019-12-21 00:15:43 认证方式  有线认证
2019-12-21 00:15:43 认证网卡  enp114s0
2019-12-21 00:15:43 用户名  13067406151
2019-12-21 00:15:43 寻找认证服务器...
2019-12-21 00:15:43 连接认证服务器...
2019-12-21 00:15:43 正在进行认证...
2019-12-21 00:15:47 寻找认证服务器...
2019-12-21 00:15:47 连接认证服务器...
2019-12-21 00:15:47 正在进行认证...
2019-12-21 00:15:47 认证成功
2019-12-21 00:15:47 管理中心提示： 认证成功
2019-12-21 00:15:49 管理中心提示： 福州大学 ACM-ICPC 集训队宣讲会强势来袭！宣讲时间：2019年12月20日19：00。宣讲地点：数计学院 7 号楼报告厅。详细咨询请加入官方交流群：703263652
 
网上报修 http://59.77.132.125  (锐捷客户端下载)

【中国联通秋季校园团队长招聘】招聘岗位:学生团队长，工作内容:带领团队配合联通公司完成秋季校园卡宣传销售，岗位要求:1、活波开朗，有热情2、学生干部优先3、能吃苦，敢于挑战4、欢迎创业团队的加入，联系电话：18606013012雷经理（微信同号）
2019-12-20 19:08:48 退出客户端成功
2019-12-20 19:08:49 认证方式  有线认证
2019-12-20 19:08:49 认证网卡  enp114s0
2019-12-20 19:08:49 用户名  13067406151
2019-12-20 19:08:49 寻找认证服务器...
2019-12-20 19:08:49 连接认证服务器...
2019-12-20 19:08:49 正在进行认证...
2019-12-20 19:08:52 寻找认证服务器...
2019-12-20 19:08:52 连接认证服务器...
2019-12-20 19:08:52 正在进行认证...
2019-12-20 19:08:52 认证成功
2019-12-20 19:08:52 管理中心提示： 认证成功
2019-12-20 19:08:54 管理中心提示： 福州大学 ACM-ICPC 集训队宣讲会强势来袭！宣讲时间：2019年12月20日19：00。宣讲地点：数计学院 7 号楼报告厅。详细咨询请加入官方交流群：703263652
 
网上报修 http://59.77.132.125  (锐捷客户端下载)

【中国联通秋季校园团队长招聘】招聘岗位:学生团队长，工作内容:带领团队配合联通公司完成秋季校园卡宣传销售，岗位要求:1、活波开朗，有热情2、学生干部优先3、能吃苦，敢于挑战4、欢迎创业团队的加入，联系电话：18606013012雷经理（微信同号）
2019-12-20 19:14:48 退出客户端成功
2019-12-20 19:15:44 认证方式  有线认证
2019-12-20 19:15:44 认证网卡  enp114s0
2019-12-20 19:15:44 用户名  13067406151
2019-12-20 19:15:44 寻找认证服务器...
2019-12-20 19:15:44 连接认证服务器...
2019-12-20 19:15:44 正在进行认证...
2019-12-20 19:15:48 寻找认证服务器...
2019-12-20 19:15:48 连接认证服务器...
2019-12-20 19:15:48 正在进行认证...
2019-12-20 19:15:48 认证成功
2019-12-20 19:15:48 管理中心提示： 认证成功
2019-12-20 19:15:50 管理中心提示： 福州大学 ACM-ICPC 集训队宣讲会强势来袭！宣讲时间：2019年12月20日19：00。宣讲地点：数计学院 7 号楼报告厅。详细咨询请加入官方交流群：703263652
 
网上报修 http://59.77.132.125  (锐捷客户端下载)

【中国联通秋季校园团队长招聘】招聘岗位:学生团队长，工作内容:带领团队配合联通公司完成秋季校园卡宣传销售，岗位要求:1、活波开朗，有热情2、学生干部优先3、能吃苦，敢于挑战4、欢迎创业团队的加入，联系电话：18606013012雷经理（微信同号）
2019-12-25 01:13:51 认证方式  有线认证
2019-12-25 01:13:51 认证网卡  enp114s0
2019-12-25 01:13:51 用户名  13067406151
2019-12-25 01:13:51 寻找认证服务器...
2019-12-25 01:13:51 连接认证服务器...
2019-12-25 01:13:51 正在进行认证...
2019-12-25 01:13:54 寻找认证服务器...
2019-12-25 01:13:54 连接认证服务器...
2019-12-25 01:13:54 正在进行认证...
2019-12-25 01:13:54 认证成功
2019-12-25 01:13:54 管理中心提示： 认证成功
2019-12-25 01:14:08 管理中心提示： 福州大学 ACM-ICPC 集训队宣讲会强势来袭！宣讲时间：2019年12月20日19：00。宣讲地点：数计学院 7 号楼报告厅。详细咨询请加入官方交流群：703263652
 
网上报修 http://59.77.132.125  (锐捷客户端下载)

【中国联通秋季校园团队长招聘】招聘岗位:学生团队长，工作内容:带领团队配合联通公司完成秋季校园卡宣传销售，岗位要求:1、活波开朗，有热情2、学生干部优先3、能吃苦，敢于挑战4、欢迎创业团队的加入，联系电话：18606013012雷经理（微信同号）
2019-12-27 00:22:08 认证方式  有线认证
2019-12-27 00:22:08 认证网卡  enp114s0
2019-12-27 00:22:08 用户名  13067406151
2019-12-27 00:22:08 寻找认证服务器...
2019-12-27 00:22:08 连接认证服务器...
2019-12-27 00:22:08 正在进行认证...
2019-12-27 00:22:11 寻找认证服务器...
2019-12-27 00:22:11 连接认证服务器...
2019-12-27 00:22:11 正在进行认证...
2019-12-27 00:22:11 认证成功
2019-12-27 00:22:11 管理中心提示： 认证成功
2019-12-27 00:22:13 管理中心提示： 福州大学 ACM-ICPC 集训队宣讲会强势来袭！宣讲时间：2019年12月20日19：00。宣讲地点：数计学院 7 号楼报告厅。详细咨询请加入官方交流群：703263652
 
网上报修 http://59.77.132.125  (锐捷客户端下载)

【中国联通秋季校园团队长招聘】招聘岗位:学生团队长，工作内容:带领团队配合联通公司完成秋季校园卡宣传销售，岗位要求:1、活波开朗，有热情2、学生干部优先3、能吃苦，敢于挑战4、欢迎创业团队的加入，联系电话：18606013012雷经理（微信同号）
2019-12-27 23:05:46 退出客户端成功
2019-12-27 23:17:40 认证方式  有线认证
2019-12-27 23:17:40 认证网卡  enp114s0
2019-12-27 23:17:40 用户名  13067406151
2019-12-27 23:17:40 寻找认证服务器...
2019-12-27 23:17:40 连接认证服务器...
2019-12-27 23:17:40 正在进行认证...
2019-12-27 23:17:44 寻找认证服务器...
2019-12-27 23:17:44 连接认证服务器...
2019-12-27 23:17:44 正在进行认证...
2019-12-27 23:17:44 认证成功
2019-12-27 23:17:44 管理中心提示： 认证成功
2019-12-27 23:17:46 管理中心提示： 福州大学 ACM-ICPC 集训队宣讲会强势来袭！宣讲时间：2019年12月20日19：00。宣讲地点：数计学院 7 号楼报告厅。详细咨询请加入官方交流群：703263652
 
网上报修 http://59.77.132.125  (锐捷客户端下载)

【中国联通秋季校园团队长招聘】招聘岗位:学生团队长，工作内容:带领团队配合联通公司完成秋季校园卡宣传销售，岗位要求:1、活波开朗，有热情2、学生干部优先3、能吃苦，敢于挑战4、欢迎创业团队的加入，联系电话：18606013012雷经理（微信同号）
2019-12-28 08:44:42 2019-12-28 08:44:42 网线没有连接上，请检查网卡连接
2019-12-28 08:44:44 连接认证服务器...
2019-12-28 08:44:44 正在进行认证...
2019-12-28 08:44:44 认证成功
2019-12-28 08:44:44 管理中心提示： 认证成功
2019-12-28 08:46:14 客户端提示： 无法与服务器通信

2019-12-28 08:46:14 无法与服务器通信
2019-12-28 08:46:14 退出客户端成功
2019-12-28 09:09:22 认证方式  有线认证
2019-12-28 09:09:22 认证网卡  enp114s0
2019-12-28 09:09:22 用户名  13067406151
2019-12-28 09:09:22 寻找认证服务器...
2019-12-28 09:09:22 连接认证服务器...
2019-12-28 09:09:22 正在进行认证...
2019-12-28 09:09:25 寻找认证服务器...
2019-12-28 09:09:25 连接认证服务器...
2019-12-28 09:09:25 正在进行认证...
2019-12-28 09:09:25 认证成功
2019-12-28 09:09:25 管理中心提示： 认证成功
2019-12-28 09:09:27 管理中心提示： 福州大学 ACM-ICPC 集训队宣讲会强势来袭！宣讲时间：2019年12月20日19：00。宣讲地点：数计学院 7 号楼报告厅。详细咨询请加入官方交流群：703263652
 
网上报修 http://59.77.132.125  (锐捷客户端下载)

【中国联通秋季校园团队长招聘】招聘岗位:学生团队长，工作内容:带领团队配合联通公司完成秋季校园卡宣传销售，岗位要求:1、活波开朗，有热情2、学生干部优先3、能吃苦，敢于挑战4、欢迎创业团队的加入，联系电话：18606013012雷经理（微信同号）
2019-12-28 10:27:31 2019-12-28 10:27:31 网线没有连接上，请检查网卡连接
2019-12-28 10:27:33 连接认证服务器...
2019-12-28 10:27:33 正在进行认证...
2019-12-28 10:27:33 认证成功
2019-12-28 10:27:33 管理中心提示： 认证成功
2019-12-28 10:28:45 退出客户端成功
2019-12-28 10:37:01 认证方式  有线认证
2019-12-28 10:37:01 认证网卡  enp114s0
2019-12-28 10:37:01 用户名  13067406151
2019-12-28 10:37:02 寻找认证服务器...
2019-12-28 10:37:02 连接认证服务器...
2019-12-28 10:37:02 正在进行认证...
2019-12-28 10:37:05 寻找认证服务器...
2019-12-28 10:37:05 连接认证服务器...
2019-12-28 10:37:05 正在进行认证...
2019-12-28 10:37:05 认证成功
2019-12-28 10:37:05 管理中心提示： 认证成功
2019-12-28 10:37:07 管理中心提示： 福州大学 ACM-ICPC 集训队宣讲会强势来袭！宣讲时间：2019年12月20日19：00。宣讲地点：数计学院 7 号楼报告厅。详细咨询请加入官方交流群：703263652
 
网上报修 http://59.77.132.125  (锐捷客户端下载)

【中国联通秋季校园团队长招聘】招聘岗位:学生团队长，工作内容:带领团队配合联通公司完成秋季校园卡宣传销售，岗位要求:1、活波开朗，有热情2、学生干部优先3、能吃苦，敢于挑战4、欢迎创业团队的加入，联系电话：18606013012雷经理（微信同号）
2019-12-28 18:45:51 退出客户端成功
2019-12-29 06:49:46 认证方式  有线认证
2019-12-29 06:49:46 认证网卡  enp114s0
2019-12-29 06:49:46 用户名  13067406151
2019-12-29 06:49:47 寻找认证服务器...
2019-12-29 06:49:47 连接认证服务器...
2019-12-29 06:49:47 正在进行认证...
2019-12-29 06:49:50 寻找认证服务器...
2019-12-29 06:49:50 连接认证服务器...
2019-12-29 06:49:50 正在进行认证...
2019-12-29 06:49:50 认证成功
2019-12-29 06:49:50 管理中心提示： 认证成功
2019-12-29 06:49:52 管理中心提示： 福州大学 ACM-ICPC 集训队宣讲会强势来袭！宣讲时间：2019年12月20日19：00。宣讲地点：数计学院 7 号楼报告厅。详细咨询请加入官方交流群：703263652
 
网上报修 http://59.77.132.125  (锐捷客户端下载)

【中国联通秋季校园团队长招聘】招聘岗位:学生团队长，工作内容:带领团队配合联通公司完成秋季校园卡宣传销售，岗位要求:1、活波开朗，有热情2、学生干部优先3、能吃苦，敢于挑战4、欢迎创业团队的加入，联系电话：18606013012雷经理（微信同号）
2019-12-28 23:32:26 退出客户端成功
2019-12-29 10:37:09 认证方式  有线认证
2019-12-29 10:37:09 认证网卡  enp114s0
2019-12-29 10:37:09 用户名  13067406151
2019-12-29 10:37:09 寻找认证服务器...
2019-12-29 10:37:09 连接认证服务器...
2019-12-29 10:37:09 正在进行认证...
2019-12-29 10:37:12 寻找认证服务器...
2019-12-29 10:37:12 连接认证服务器...
2019-12-29 10:37:12 正在进行认证...
2019-12-29 10:37:12 认证成功
2019-12-29 10:37:12 管理中心提示： 认证成功
2019-12-29 10:37:14 管理中心提示： 福州大学 ACM-ICPC 集训队宣讲会强势来袭！宣讲时间：2019年12月20日19：00。宣讲地点：数计学院 7 号楼报告厅。详细咨询请加入官方交流群：703263652
 
网上报修 http://59.77.132.125  (锐捷客户端下载)

【中国联通秋季校园团队长招聘】招聘岗位:学生团队长，工作内容:带领团队配合联通公司完成秋季校园卡宣传销售，岗位要求:1、活波开朗，有热情2、学生干部优先3、能吃苦，敢于挑战4、欢迎创业团队的加入，联系电话：18606013012雷经理（微信同号）
